<?xml version="1.0" encoding="UTF-8"?>
<!-- Generated by org.testng.reporters.JUnitXMLReporter -->
<testsuite ignored="1" hostname="DESKTOP-63R5SBN" failures="0" tests="8" name="Default test" time="6.48" errors="0" timestamp="2024-02-05T21:37:51 EET">
  <testcase classname="almosaferWeb.TestCases" name="verifyingDefaultLangIsEnglish" time="0.035"/>
  <testcase classname="almosaferWeb.TestCases" name="verifingDefaultCurrencyIsSAR" time="0.036"/>
  <testcase classname="almosaferWeb.TestCases" name="verifyingContactNumber" time="0.05"/>
  <testcase classname="almosaferWeb.TestCases" name="verifyingQitafLogoIsDisplayedInFooter" time="0.057"/>
  <testcase classname="almosaferWeb.TestCases" name="verifyingHotelsTabNotSelectedByDefault" time="0.1"/>
  <testcase classname="almosaferWeb.TestCases" name="verifyingDepartureAndReturnDates" time="0.061"/>
  <testcase classname="almosaferWeb.TestCases" name="randomMethodToChangeLang_2" time="1.219"/>
  <testcase classname="almosaferWeb.TestCases" name="switchingToHotelTab" time="0.301"/>
  <testcase classname="almosaferWeb.TestCases" name="randomMethodToChangeLang_1" time="0.0">
    <ignored/>
  </testcase> <!-- randomMethodToChangeLang_1 -->
</testsuite> <!-- Default test -->
