<?xml version="1.0" encoding="UTF-8"?>
<testng-results ignored="1" total="9" passed="8" failed="0" skipped="0">
  <reporter-output>
  </reporter-output>
  <suite started-at="2024-02-05T21:37:44 EET" name="Default suite" finished-at="2024-02-05T21:37:51 EET" duration-ms="6480">
    <groups>
    </groups>
    <test started-at="2024-02-05T21:37:44 EET" name="Default test" finished-at="2024-02-05T21:37:51 EET" duration-ms="6480">
      <class name="almosaferWeb.TestCases">
        <test-method is-config="true" signature="setUp()[pri:0, instance:almosaferWeb.TestCases@4af0df05]" started-at="2024-02-05T21:37:44 EET" name="setUp" finished-at="2024-02-05T21:37:49 EET" duration-ms="4580" status="PASS">
          <reporter-output>
          </reporter-output>
        </test-method> <!-- setUp -->
        <test-method signature="verifyingDefaultLangIsEnglish()[pri:1, instance:almosaferWeb.TestCases@4af0df05]" started-at="2024-02-05T21:37:49 EET" name="verifyingDefaultLangIsEnglish" finished-at="2024-02-05T21:37:49 EET" duration-ms="35" status="PASS">
          <reporter-output>
          </reporter-output>
        </test-method> <!-- verifyingDefaultLangIsEnglish -->
        <test-method signature="verifingDefaultCurrencyIsSAR()[pri:2, instance:almosaferWeb.TestCases@4af0df05]" started-at="2024-02-05T21:37:49 EET" name="verifingDefaultCurrencyIsSAR" finished-at="2024-02-05T21:37:49 EET" duration-ms="36" status="PASS">
          <reporter-output>
          </reporter-output>
        </test-method> <!-- verifingDefaultCurrencyIsSAR -->
        <test-method signature="verifyingContactNumber()[pri:3, instance:almosaferWeb.TestCases@4af0df05]" started-at="2024-02-05T21:37:49 EET" name="verifyingContactNumber" finished-at="2024-02-05T21:37:49 EET" duration-ms="50" status="PASS">
          <reporter-output>
          </reporter-output>
        </test-method> <!-- verifyingContactNumber -->
        <test-method signature="verifyingQitafLogoIsDisplayedInFooter()[pri:4, instance:almosaferWeb.TestCases@4af0df05]" started-at="2024-02-05T21:37:49 EET" name="verifyingQitafLogoIsDisplayedInFooter" finished-at="2024-02-05T21:37:49 EET" duration-ms="57" status="PASS">
          <reporter-output>
          </reporter-output>
        </test-method> <!-- verifyingQitafLogoIsDisplayedInFooter -->
        <test-method signature="verifyingHotelsTabNotSelectedByDefault()[pri:5, instance:almosaferWeb.TestCases@4af0df05]" started-at="2024-02-05T21:37:49 EET" name="verifyingHotelsTabNotSelectedByDefault" finished-at="2024-02-05T21:37:49 EET" duration-ms="100" status="PASS">
          <reporter-output>
          </reporter-output>
        </test-method> <!-- verifyingHotelsTabNotSelectedByDefault -->
        <test-method signature="verifyingDepartureAndReturnDates()[pri:6, instance:almosaferWeb.TestCases@4af0df05]" started-at="2024-02-05T21:37:49 EET" name="verifyingDepartureAndReturnDates" finished-at="2024-02-05T21:37:49 EET" duration-ms="61" status="PASS">
          <reporter-output>
          </reporter-output>
        </test-method> <!-- verifyingDepartureAndReturnDates -->
        <test-method signature="randomMethodToChangeLang_2()[pri:7, instance:almosaferWeb.TestCases@4af0df05]" started-at="2024-02-05T21:37:49 EET" name="randomMethodToChangeLang_2" finished-at="2024-02-05T21:37:50 EET" duration-ms="1219" status="PASS">
          <reporter-output>
          </reporter-output>
        </test-method> <!-- randomMethodToChangeLang_2 -->
        <test-method signature="switchingToHotelTab()[pri:8, instance:almosaferWeb.TestCases@4af0df05]" started-at="2024-02-05T21:37:50 EET" name="switchingToHotelTab" finished-at="2024-02-05T21:37:51 EET" duration-ms="301" status="PASS">
          <reporter-output>
          </reporter-output>
        </test-method> <!-- switchingToHotelTab -->
      </class> <!-- almosaferWeb.TestCases -->
    </test> <!-- Default test -->
  </suite> <!-- Default suite -->
</testng-results>
